<?xml version="1.0" encoding="UTF-8"?>
<!-- Generated by org.testng.reporters.JUnitReportReporter -->
<testsuite hostname="Ilham" failures="0" tests="1" name="com.automationpractice.tests.ClickCheckoutBtn" time="11.090" errors="0" timestamp="4 Feb 2021 19:31:27 GMT">
  <testcase classname="com.automationpractice.tests.ClickCheckoutBtn" name="test1" time="11.090"/>
</testsuite> <!-- com.automationpractice.tests.ClickCheckoutBtn -->
