<?xml version="1.0" encoding="UTF-8"?>
<!-- Generated by org.testng.reporters.JUnitReportReporter -->
<testsuite hostname="Ilham" failures="0" tests="1" name="com.automationpractice.tests.ExcelOrangeHrm" time="14.196" errors="0" timestamp="5 Feb 2021 15:29:42 GMT">
  <testcase classname="com.automationpractice.tests.ExcelOrangeHrm" name="test1" time="14.196"/>
</testsuite> <!-- com.automationpractice.tests.ExcelOrangeHrm -->
